<?xml version="1.0" encoding="UTF-8"?>
<!-- Generated by org.testng.reporters.JUnitReportReporter -->
<testsuite hostname="LAPTOP-PQCP03FT" failures="1" tests="3" name="Testcases.dataproviderlogin" time="3.793" errors="2" timestamp="17 Dec 2019 03:46:54 GMT" skipped="0">
  <testcase classname="Testcases.dataproviderlogin" name="clicksignin" time="3.627">
    <failure message="invalid credentials expected [true] but found [false]" type="java.lang.AssertionError">
      <![CDATA[java.lang.AssertionError: invalid credentials expected [true] but found [false]
	at org.testng.Assert.fail(Assert.java:93)
	at org.testng.Assert.failNotEquals(Assert.java:512)
	at org.testng.Assert.assertTrue(Assert.java:41)
	at Testcases.dataproviderlogin.clicksignin(dataproviderlogin.java:24)
	at java.base/jdk.internal.reflect.NativeMethodAccessorImpl.invoke0(Native Method)
	at java.base/jdk.internal.reflect.NativeMethodAccessorImpl.invoke(NativeMethodAccessorImpl.java:62)
	at java.base/jdk.internal.reflect.DelegatingMethodAccessorImpl.invoke(DelegatingMethodAccessorImpl.java:43)
	at java.base/java.lang.reflect.Method.invoke(Method.java:567)
	at org.testng.internal.MethodInvocationHelper.invokeMethod(MethodInvocationHelper.java:108)
	at org.testng.internal.Invoker.invokeMethod(Invoker.java:661)
	at org.testng.internal.Invoker.invokeTestMethod(Invoker.java:869)
	at org.testng.internal.Invoker.invokeTestMethods(Invoker.java:1193)
	at org.testng.internal.TestMethodWorker.invokeTestMethods(TestMethodWorker.java:126)
	at org.testng.internal.TestMethodWorker.run(TestMethodWorker.java:109)
	at org.testng.TestRunner.privateRun(TestRunner.java:744)
	at org.testng.TestRunner.run(TestRunner.java:602)
	at org.testng.SuiteRunner.runTest(SuiteRunner.java:380)
	at org.testng.SuiteRunner.runSequentially(SuiteRunner.java:375)
	at org.testng.SuiteRunner.privateRun(SuiteRunner.java:340)
	at org.testng.SuiteRunner.run(SuiteRunner.java:289)
	at org.testng.SuiteRunnerWorker.runSuite(SuiteRunnerWorker.java:52)
	at org.testng.SuiteRunnerWorker.run(SuiteRunnerWorker.java:86)
	at org.testng.TestNG.runSuitesSequentially(TestNG.java:1301)
	at org.testng.TestNG.runSuitesLocally(TestNG.java:1226)
	at org.testng.TestNG.runSuites(TestNG.java:1144)
	at org.testng.TestNG.run(TestNG.java:1115)
	at org.testng.remote.AbstractRemoteTestNG.run(AbstractRemoteTestNG.java:115)
	at org.testng.remote.RemoteTestNG.initAndRun(RemoteTestNG.java:251)
	at org.testng.remote.RemoteTestNG.main(RemoteTestNG.java:77)
]]>
    </failure>
  </testcase> <!-- clicksignin -->
  <testcase classname="Testcases.dataproviderlogin" name="clicksignin" time="0.096">
    <error message="Returned value cannot be converted to WebElement: {stacktrace=Backtrace:
	Ordinal0 [0x010DA113+1548563]
	Ordinal0 [0x0105DDA1+1039777]
	Ordinal0 [0x00FDE32E+516910]
	Ordinal0 [0x00F71179+70009]
	Ordinal0 [0x00F896F7+169719]
	Ordinal0 [0x00F880D0+164048]
	Ordinal0 [0x00F87CAA+162986]
	Ordinal0 [0x00F6221E+8734]
	Ordinal0 [0x00F62606+9734]
	Ordinal0 [0x00F62C80+11392]
	Ordinal0 [0x010771B7+1143223]
	GetHandleVerifier [0x01172B46+507814]
	GetHandleVerifier [0x01172864+507076]
	GetHandleVerifier [0x01179F47+537511]
	GetHandleVerifier [0x01173402+510050]
	Ordinal0 [0x0106F29C+1110684]
	Ordinal0 [0x00F6204E+8270]
	Ordinal0 [0x00F61D99+7577]
	GetHandleVerifier [0x0140DE3C+3240604]
	BaseThreadInitThunk [0x75416359+25]
	RtlGetAppContainerNamedObjectPath [0x77577B74+228]
	RtlGetAppContainerNamedObjectPath [0x77577B44+180]
, error=invalid session id, message=invalid session id}
Build info: version: &#039;2.53.1&#039;, revision: &#039;a36b8b1cd5757287168e54b817830adce9b0158d&#039;, time: &#039;2016-06-30 19:26:09&#039;
System info: host: &#039;LAPTOP-PQCP03FT&#039;, ip: &#039;10.44.200.51&#039;, os.name: &#039;Windows 10&#039;, os.arch: &#039;amd64&#039;, os.version: &#039;10.0&#039;, java.version: &#039;13.0.1&#039;
Driver info: driver.version: RemoteWebDriver" type="org.openqa.selenium.WebDriverException">
      <![CDATA[org.openqa.selenium.WebDriverException: Returned value cannot be converted to WebElement: {stacktrace=Backtrace:
	Ordinal0 [0x010DA113+1548563]
	Ordinal0 [0x0105DDA1+1039777]
	Ordinal0 [0x00FDE32E+516910]
	Ordinal0 [0x00F71179+70009]
	Ordinal0 [0x00F896F7+169719]
	Ordinal0 [0x00F880D0+164048]
	Ordinal0 [0x00F87CAA+162986]
	Ordinal0 [0x00F6221E+8734]
	Ordinal0 [0x00F62606+9734]
	Ordinal0 [0x00F62C80+11392]
	Ordinal0 [0x010771B7+1143223]
	GetHandleVerifier [0x01172B46+507814]
	GetHandleVerifier [0x01172864+507076]
	GetHandleVerifier [0x01179F47+537511]
	GetHandleVerifier [0x01173402+510050]
	Ordinal0 [0x0106F29C+1110684]
	Ordinal0 [0x00F6204E+8270]
	Ordinal0 [0x00F61D99+7577]
	GetHandleVerifier [0x0140DE3C+3240604]
	BaseThreadInitThunk [0x75416359+25]
	RtlGetAppContainerNamedObjectPath [0x77577B74+228]
	RtlGetAppContainerNamedObjectPath [0x77577B44+180]
, error=invalid session id, message=invalid session id}
Build info: version: '2.53.1', revision: 'a36b8b1cd5757287168e54b817830adce9b0158d', time: '2016-06-30 19:26:09'
System info: host: 'LAPTOP-PQCP03FT', ip: '10.44.200.51', os.name: 'Windows 10', os.arch: 'amd64', os.version: '10.0', java.version: '13.0.1'
Driver info: driver.version: RemoteWebDriver
	at org.openqa.selenium.remote.RemoteWebDriver.findElement(RemoteWebDriver.java:370)
	at org.openqa.selenium.remote.RemoteWebDriver.findElementByXPath(RemoteWebDriver.java:500)
	at org.openqa.selenium.By$ByXPath.findElement(By.java:361)
	at org.openqa.selenium.remote.RemoteWebDriver.findElement(RemoteWebDriver.java:355)
	at Testcases.dataproviderlogin.clicksignin(dataproviderlogin.java:18)
	at java.base/jdk.internal.reflect.NativeMethodAccessorImpl.invoke0(Native Method)
	at java.base/jdk.internal.reflect.NativeMethodAccessorImpl.invoke(NativeMethodAccessorImpl.java:62)
	at java.base/jdk.internal.reflect.DelegatingMethodAccessorImpl.invoke(DelegatingMethodAccessorImpl.java:43)
	at java.base/java.lang.reflect.Method.invoke(Method.java:567)
	at org.testng.internal.MethodInvocationHelper.invokeMethod(MethodInvocationHelper.java:108)
	at org.testng.internal.Invoker.invokeMethod(Invoker.java:661)
	at org.testng.internal.Invoker.invokeTestMethod(Invoker.java:869)
	at org.testng.internal.Invoker.invokeTestMethods(Invoker.java:1193)
	at org.testng.internal.TestMethodWorker.invokeTestMethods(TestMethodWorker.java:126)
	at org.testng.internal.TestMethodWorker.run(TestMethodWorker.java:109)
	at org.testng.TestRunner.privateRun(TestRunner.java:744)
	at org.testng.TestRunner.run(TestRunner.java:602)
	at org.testng.SuiteRunner.runTest(SuiteRunner.java:380)
	at org.testng.SuiteRunner.runSequentially(SuiteRunner.java:375)
	at org.testng.SuiteRunner.privateRun(SuiteRunner.java:340)
	at org.testng.SuiteRunner.run(SuiteRunner.java:289)
	at org.testng.SuiteRunnerWorker.runSuite(SuiteRunnerWorker.java:52)
	at org.testng.SuiteRunnerWorker.run(SuiteRunnerWorker.java:86)
	at org.testng.TestNG.runSuitesSequentially(TestNG.java:1301)
	at org.testng.TestNG.runSuitesLocally(TestNG.java:1226)
	at org.testng.TestNG.runSuites(TestNG.java:1144)
	at org.testng.TestNG.run(TestNG.java:1115)
	at org.testng.remote.AbstractRemoteTestNG.run(AbstractRemoteTestNG.java:115)
	at org.testng.remote.RemoteTestNG.initAndRun(RemoteTestNG.java:251)
	at org.testng.remote.RemoteTestNG.main(RemoteTestNG.java:77)
Caused by: java.lang.ClassCastException: class com.google.common.collect.Maps$TransformedEntriesMap cannot be cast to class org.openqa.selenium.WebElement (com.google.common.collect.Maps$TransformedEntriesMap and org.openqa.selenium.WebElement are in unnamed module of loader 'app')
	at org.openqa.selenium.remote.RemoteWebDriver.findElement(RemoteWebDriver.java:368)
	... 29 more
]]>
    </error>
  </testcase> <!-- clicksignin -->
  <testcase classname="Testcases.dataproviderlogin" name="clicksignin" time="0.070">
    <error message="Returned value cannot be converted to WebElement: {stacktrace=Backtrace:
	Ordinal0 [0x010DA113+1548563]
	Ordinal0 [0x0105DDA1+1039777]
	Ordinal0 [0x00FDE32E+516910]
	Ordinal0 [0x00F71537+70967]
	Ordinal0 [0x00F72690+75408]
	Ordinal0 [0x00F72629+75305]
	Ordinal0 [0x010771B7+1143223]
	GetHandleVerifier [0x01172B46+507814]
	GetHandleVerifier [0x01172864+507076]
	GetHandleVerifier [0x01179F47+537511]
	GetHandleVerifier [0x01173402+510050]
	Ordinal0 [0x0106F29C+1110684]
	Ordinal0 [0x0107938B+1151883]
	Ordinal0 [0x010794F3+1152243]
	Ordinal0 [0x010783F5+1147893]
	BaseThreadInitThunk [0x75416359+25]
	RtlGetAppContainerNamedObjectPath [0x77577B74+228]
	RtlGetAppContainerNamedObjectPath [0x77577B44+180]
, error=invalid session id, message=invalid session id}
Build info: version: &#039;2.53.1&#039;, revision: &#039;a36b8b1cd5757287168e54b817830adce9b0158d&#039;, time: &#039;2016-06-30 19:26:09&#039;
System info: host: &#039;LAPTOP-PQCP03FT&#039;, ip: &#039;10.44.200.51&#039;, os.name: &#039;Windows 10&#039;, os.arch: &#039;amd64&#039;, os.version: &#039;10.0&#039;, java.version: &#039;13.0.1&#039;
Driver info: driver.version: RemoteWebDriver" type="org.openqa.selenium.WebDriverException">
      <![CDATA[org.openqa.selenium.WebDriverException: Returned value cannot be converted to WebElement: {stacktrace=Backtrace:
	Ordinal0 [0x010DA113+1548563]
	Ordinal0 [0x0105DDA1+1039777]
	Ordinal0 [0x00FDE32E+516910]
	Ordinal0 [0x00F71537+70967]
	Ordinal0 [0x00F72690+75408]
	Ordinal0 [0x00F72629+75305]
	Ordinal0 [0x010771B7+1143223]
	GetHandleVerifier [0x01172B46+507814]
	GetHandleVerifier [0x01172864+507076]
	GetHandleVerifier [0x01179F47+537511]
	GetHandleVerifier [0x01173402+510050]
	Ordinal0 [0x0106F29C+1110684]
	Ordinal0 [0x0107938B+1151883]
	Ordinal0 [0x010794F3+1152243]
	Ordinal0 [0x010783F5+1147893]
	BaseThreadInitThunk [0x75416359+25]
	RtlGetAppContainerNamedObjectPath [0x77577B74+228]
	RtlGetAppContainerNamedObjectPath [0x77577B44+180]
, error=invalid session id, message=invalid session id}
Build info: version: '2.53.1', revision: 'a36b8b1cd5757287168e54b817830adce9b0158d', time: '2016-06-30 19:26:09'
System info: host: 'LAPTOP-PQCP03FT', ip: '10.44.200.51', os.name: 'Windows 10', os.arch: 'amd64', os.version: '10.0', java.version: '13.0.1'
Driver info: driver.version: RemoteWebDriver
	at org.openqa.selenium.remote.RemoteWebDriver.findElement(RemoteWebDriver.java:370)
	at org.openqa.selenium.remote.RemoteWebDriver.findElementByXPath(RemoteWebDriver.java:500)
	at org.openqa.selenium.By$ByXPath.findElement(By.java:361)
	at org.openqa.selenium.remote.RemoteWebDriver.findElement(RemoteWebDriver.java:355)
	at Testcases.dataproviderlogin.clicksignin(dataproviderlogin.java:18)
	at java.base/jdk.internal.reflect.NativeMethodAccessorImpl.invoke0(Native Method)
	at java.base/jdk.internal.reflect.NativeMethodAccessorImpl.invoke(NativeMethodAccessorImpl.java:62)
	at java.base/jdk.internal.reflect.DelegatingMethodAccessorImpl.invoke(DelegatingMethodAccessorImpl.java:43)
	at java.base/java.lang.reflect.Method.invoke(Method.java:567)
	at org.testng.internal.MethodInvocationHelper.invokeMethod(MethodInvocationHelper.java:108)
	at org.testng.internal.Invoker.invokeMethod(Invoker.java:661)
	at org.testng.internal.Invoker.invokeTestMethod(Invoker.java:869)
	at org.testng.internal.Invoker.invokeTestMethods(Invoker.java:1193)
	at org.testng.internal.TestMethodWorker.invokeTestMethods(TestMethodWorker.java:126)
	at org.testng.internal.TestMethodWorker.run(TestMethodWorker.java:109)
	at org.testng.TestRunner.privateRun(TestRunner.java:744)
	at org.testng.TestRunner.run(TestRunner.java:602)
	at org.testng.SuiteRunner.runTest(SuiteRunner.java:380)
	at org.testng.SuiteRunner.runSequentially(SuiteRunner.java:375)
	at org.testng.SuiteRunner.privateRun(SuiteRunner.java:340)
	at org.testng.SuiteRunner.run(SuiteRunner.java:289)
	at org.testng.SuiteRunnerWorker.runSuite(SuiteRunnerWorker.java:52)
	at org.testng.SuiteRunnerWorker.run(SuiteRunnerWorker.java:86)
	at org.testng.TestNG.runSuitesSequentially(TestNG.java:1301)
	at org.testng.TestNG.runSuitesLocally(TestNG.java:1226)
	at org.testng.TestNG.runSuites(TestNG.java:1144)
	at org.testng.TestNG.run(TestNG.java:1115)
	at org.testng.remote.AbstractRemoteTestNG.run(AbstractRemoteTestNG.java:115)
	at org.testng.remote.RemoteTestNG.initAndRun(RemoteTestNG.java:251)
	at org.testng.remote.RemoteTestNG.main(RemoteTestNG.java:77)
Caused by: java.lang.ClassCastException: class com.google.common.collect.Maps$TransformedEntriesMap cannot be cast to class org.openqa.selenium.WebElement (com.google.common.collect.Maps$TransformedEntriesMap and org.openqa.selenium.WebElement are in unnamed module of loader 'app')
	at org.openqa.selenium.remote.RemoteWebDriver.findElement(RemoteWebDriver.java:368)
	... 29 more
]]>
    </error>
  </testcase> <!-- clicksignin -->
</testsuite> <!-- Testcases.dataproviderlogin -->
